<?xml version="1.0" encoding="UTF-8"?>
<!-- Generated by org.testng.reporters.JUnitXMLReporter -->
<testsuite ignored="0" hostname="Manul-W" failures="2" tests="4" name="BankingApp Test on firefox" time="67.382" errors="0" timestamp="2021-07-15T20:13:01 IST">
  <testcase classname="framework.testCases.TC_LoginTest_01" name="loginTest" time="3.033"/>
  <testcase classname="framework.testCases.TC_LoginDDT_02" name="loginDDT" time="9.898"/>
  <testcase classname="framework.testCases.TC_LoginDDT_02" name="loginDDT" time="5.08">
    <failure type="java.lang.AssertionError" message="expected [true] but found [false]">
      <![CDATA[java.lang.AssertionError: expected [true] but found [false]
at framework.testCases.TC_LoginDDT_02.loginDDT(TC_LoginDDT_02.java:31)
at java.base/java.util.ArrayList.forEach(ArrayList.java:1511)
at java.base/java.util.concurrent.FutureTask.run(FutureTask.java:264)
at java.base/java.util.concurrent.ThreadPoolExecutor.runWorker(ThreadPoolExecutor.java:1130)
at java.base/java.util.concurrent.ThreadPoolExecutor$Worker.run(ThreadPoolExecutor.java:630)
at java.base/java.lang.Thread.run(Thread.java:831)
... Removed 22 stack frames]]>
    </failure>
  </testcase> <!-- loginDDT -->
  <testcase classname="framework.testCases.TC_LoginDDT_02" name="loginDDT" time="15.949">
    <failure type="java.lang.Error" message="Unresolved compilation problem: 
	Cannot make a static reference to the non-static field BaseClass.driver
">
      <![CDATA[java.lang.Error: Unresolved compilation problem: 
Cannot make a static reference to the non-static field BaseClass.driver

at framework.utilities.Reporting.onTestFailure(Reporting.java:62)
at java.base/java.util.ArrayList.forEach(ArrayList.java:1511)
at java.base/java.util.concurrent.FutureTask.run(FutureTask.java:264)
at java.base/java.util.concurrent.ThreadPoolExecutor.runWorker(ThreadPoolExecutor.java:1130)
at java.base/java.util.concurrent.ThreadPoolExecutor$Worker.run(ThreadPoolExecutor.java:630)
at java.base/java.lang.Thread.run(Thread.java:831)
... Removed 15 stack frames]]>
    </failure>
  </testcase> <!-- loginDDT -->
</testsuite> <!-- BankingApp Test on firefox -->
