<?xml version="1.0" encoding="UTF-8"?>
<!-- Generated by org.testng.reporters.JUnitXMLReporter -->
<testsuite ignored="0" hostname="Manul-W" failures="0" tests="6" name="Test" time="1.976" errors="0" timestamp="2021-07-11T14:50:56 IST">
  <testcase classname="eBanking.BaseClass.BaseClass" name="@BeforeClass setup" time="-1.62599525479E9">
    <failure type="org.testng.TestNGException" message="
Parameter &amp;apos;browser&amp;apos; is required by BeforeClass on method setup but has not been marked @Optional or defined
in D:\seleniumTests\Frameworks\SeleniumHybridFramework-ebankingAutomation\BaseFramework.eBanking\TestNG.xml">
      <![CDATA[org.testng.TestNGException: 
Parameter 'browser' is required by BeforeClass on method setup but has not been marked @Optional or defined
in D:\seleniumTests\Frameworks\SeleniumHybridFramework-ebankingAutomation\BaseFramework.eBanking\TestNG.xml
at java.base/java.util.concurrent.ThreadPoolExecutor.runWorker(ThreadPoolExecutor.java:1130)
at java.base/java.util.concurrent.ThreadPoolExecutor$Worker.run(ThreadPoolExecutor.java:630)
at java.base/java.lang.Thread.run(Thread.java:831)
... Removed 7 stack frames]]>
    </failure>
  </testcase> <!-- @BeforeClass setup -->
  <testcase classname="eBanking.BaseClass.BaseClass" name="@BeforeClass setup" time="-1.62599525479E9">
    <failure type="org.testng.TestNGException" message="
Parameter &amp;apos;browser&amp;apos; is required by BeforeClass on method setup but has not been marked @Optional or defined
in D:\seleniumTests\Frameworks\SeleniumHybridFramework-ebankingAutomation\BaseFramework.eBanking\TestNG.xml">
      <![CDATA[org.testng.TestNGException: 
Parameter 'browser' is required by BeforeClass on method setup but has not been marked @Optional or defined
in D:\seleniumTests\Frameworks\SeleniumHybridFramework-ebankingAutomation\BaseFramework.eBanking\TestNG.xml
at java.base/java.util.concurrent.ThreadPoolExecutor.runWorker(ThreadPoolExecutor.java:1130)
at java.base/java.util.concurrent.ThreadPoolExecutor$Worker.run(ThreadPoolExecutor.java:630)
at java.base/java.lang.Thread.run(Thread.java:831)
... Removed 7 stack frames]]>
    </failure>
  </testcase> <!-- @BeforeClass setup -->
  <testcase classname="eBanking.BaseClass.BaseClass" name="@BeforeClass setup" time="-1.62599525479E9">
    <failure type="org.testng.TestNGException" message="
Parameter &amp;apos;browser&amp;apos; is required by BeforeClass on method setup but has not been marked @Optional or defined
in D:\seleniumTests\Frameworks\SeleniumHybridFramework-ebankingAutomation\BaseFramework.eBanking\TestNG.xml">
      <![CDATA[org.testng.TestNGException: 
Parameter 'browser' is required by BeforeClass on method setup but has not been marked @Optional or defined
in D:\seleniumTests\Frameworks\SeleniumHybridFramework-ebankingAutomation\BaseFramework.eBanking\TestNG.xml
at java.base/java.util.concurrent.ThreadPoolExecutor.runWorker(ThreadPoolExecutor.java:1130)
at java.base/java.util.concurrent.ThreadPoolExecutor$Worker.run(ThreadPoolExecutor.java:630)
at java.base/java.lang.Thread.run(Thread.java:831)
... Removed 7 stack frames]]>
    </failure>
  </testcase> <!-- @BeforeClass setup -->
  <testcase classname="eBanking.BaseClass.BaseClass" name="@AfterClass tearDown" time="-1.625995254862E9">
    <skipped/>
  </testcase> <!-- @AfterClass tearDown -->
  <testcase classname="eBanking.BaseClass.BaseClass" name="@AfterClass tearDown" time="-1.625995254863E9">
    <skipped/>
  </testcase> <!-- @AfterClass tearDown -->
  <testcase classname="eBanking.BaseClass.BaseClass" name="@AfterClass tearDown" time="-1.625995256719E9">
    <skipped/>
  </testcase> <!-- @AfterClass tearDown -->
  <testcase classname="eBanking.testCases.TC_LoginTest_01" name="loginTest" time="0.0">
    <skipped/>
  </testcase> <!-- loginTest -->
  <testcase classname="eBanking.testCases.TC_AddCustomerTest_03" name="addNewCustomer" time="0.0">
    <skipped/>
  </testcase> <!-- addNewCustomer -->
  <testcase classname="eBanking.testCases.TC_LoginDDT_02" name="loginDDT" time="0.0">
    <skipped/>
  </testcase> <!-- loginDDT -->
  <testcase classname="eBanking.testCases.TC_LoginDDT_02" name="loginDDT" time="0.0">
    <skipped/>
  </testcase> <!-- loginDDT -->
  <testcase classname="eBanking.testCases.TC_LoginDDT_02" name="loginDDT" time="0.0">
    <skipped/>
  </testcase> <!-- loginDDT -->
  <testcase classname="eBanking.testCases.TC_LoginDDT_02" name="loginDDT" time="0.0">
    <skipped/>
  </testcase> <!-- loginDDT -->
</testsuite> <!-- Test -->
